0    [main] INFO  util.SimulationEngine  - Logger initialized
1018 [Table  #1] INFO  threads.Diner  - Diner #1 arrived at:20 seated at Table  #1
1070 [Table  #1] INFO  threads.Diner  - Diner #1 is eating.
1520 [Table  #2] INFO  threads.Diner  - Diner #2 arrived at:30 seated at Table  #2
1571 [Table  #2] INFO  threads.Diner  - Diner #2 is eating.
1572 [Table  #3] INFO  threads.Diner  - Diner #3 arrived at:31 seated at Table  #3
1622 [Table  #4] INFO  threads.Diner  - Diner #4 arrived at:32 seated at Table  #4
1624 [Table  #3] INFO  threads.Diner  - Diner #3 is eating.
1676 [Table  #4] INFO  threads.Diner  - Diner #4 is eating.
2575 [Table  #1] INFO  threads.Diner  - Table  #1 done at:2050
2576 [Table  #1] INFO  threads.Diner  - Diner #5 arrived at:33 seated at Table  #1
2630 [Table  #1] INFO  threads.Diner  - Diner #5 is eating.
3076 [Table  #2] INFO  threads.Diner  - Table  #2 done at:3050
3077 [Table  #2] INFO  threads.Diner  - Diner #6 arrived at:60 seated at Table  #2
3124 [Table  #3] INFO  threads.Diner  - Table  #3 done at:3150
3132 [Table  #2] INFO  threads.Diner  - Diner #6 is eating.
3182 [Table  #4] INFO  threads.Diner  - Table  #4 done at:3250
3521 [Table  #3] INFO  threads.Diner  - Diner #7 arrived at:70 seated at Table  #3
3566 [Table  #4] INFO  threads.Diner  - Diner #8 arrived at:71 seated at Table  #4
3572 [Table  #3] INFO  threads.Diner  - Diner #7 is eating.
3620 [Table  #4] INFO  threads.Diner  - Diner #8 is eating.
4135 [Table  #1] INFO  threads.Diner  - Table  #1 done at:3350
4135 [Table  #1] INFO  threads.Diner  - Diner #9 arrived at:72 seated at Table  #1
4190 [Table  #1] INFO  threads.Diner  - Diner #9 is eating.
4637 [Table  #2] INFO  threads.Diner  - Table  #2 done at:6050
4638 [Table  #2] INFO  threads.Diner  - Diner #10 arrived at:73 seated at Table  #2
4689 [Table  #2] INFO  threads.Diner  - Diner #10 is eating.
5077 [Table  #3] INFO  threads.Diner  - Table  #3 done at:7050
5121 [Table  #4] INFO  threads.Diner  - Table  #4 done at:7150
5695 [Table  #1] INFO  threads.Diner  - Table  #1 done at:7250
6195 [Table  #2] INFO  threads.Diner  - Table  #2 done at:7350
6195 [Table  #2] INFO  managers.DinerManager  - Last diner leaves
6195 [Table  #2] INFO  util.Restaurant  - Restaurant Closed
